(base) huojunyu@macbookair ensf380-week4 % javac -cp .:edu/ucalgary/oop/lib/junit-4.13.2.jar:edu/ucalgary/oop/lib/hamcrest-core-1.3.jar edu/ucalgary/oop/Student.java edu/ucalgary/oop/GradeManager.java edu/ucalgary/oop/GradeManagerTest.java
(base) huojunyu@macbookair ensf380-week4 % java -cp .:edu/ucalgary/oop/lib/junit-4.13.2.jar:edu/ucalgary/oop/lib/hamcrest-core-1.3.jar org.junit.runner.JUnitCore edu.ucalgary.oop.GradeManagerTest
JUnit version 4.13.2
.....E.E.E..E.....E.
Time: 0.005
There were 5 failures:
1) testCalculateClassAverage(edu.ucalgary.oop.GradeManagerTest)
java.lang.AssertionError: Class average calculation is incorrect. expected:<85.0> but was:<55.33333333333333>
        at org.junit.Assert.fail(Assert.java:89)
        at org.junit.Assert.failNotEquals(Assert.java:835)
        at org.junit.Assert.assertEquals(Assert.java:555)
        at edu.ucalgary.oop.GradeManagerTest.testCalculateClassAverage(GradeManagerTest.java:75)
2) testGetTotalStudents(edu.ucalgary.oop.GradeManagerTest)
java.lang.AssertionError: Total students count is incorrect. expected:<1> but was:<0>
        at org.junit.Assert.fail(Assert.java:89)
        at org.junit.Assert.failNotEquals(Assert.java:835)
        at org.junit.Assert.assertEquals(Assert.java:647)
        at edu.ucalgary.oop.GradeManagerTest.testGetTotalStudents(GradeManagerTest.java:104)
3) testCalculateStudentAverage(edu.ucalgary.oop.GradeManagerTest)
java.lang.AssertionError: Average grade calculation is incorrect. expected:<85.0> but was:<56.333333333333336>
        at org.junit.Assert.fail(Assert.java:89)
        at org.junit.Assert.failNotEquals(Assert.java:835)
        at org.junit.Assert.assertEquals(Assert.java:555)
        at edu.ucalgary.oop.GradeManagerTest.testCalculateStudentAverage(GradeManagerTest.java:55)
4) testCalculateClassAverageSkippingUngradedStudents(edu.ucalgary.oop.GradeManagerTest)
java.lang.AssertionError: Class average calculation with ungraded student is incorrect. expected:<80.0> but was:<25.0>
        at org.junit.Assert.fail(Assert.java:89)
        at org.junit.Assert.failNotEquals(Assert.java:835)
        at org.junit.Assert.assertEquals(Assert.java:555)
        at edu.ucalgary.oop.GradeManagerTest.testCalculateClassAverageSkippingUngradedStudents(GradeManagerTest.java:95)
5) testCalculateStudentAverageNoGrades(edu.ucalgary.oop.GradeManagerTest)
java.lang.AssertionError: Expected exception: java.lang.IllegalStateException
        at org.junit.internal.runners.statements.ExpectException.evaluate(ExpectException.java:34)
        at org.junit.runners.ParentRunner$3.evaluate(ParentRunner.java:306)
        at org.junit.runners.BlockJUnit4ClassRunner$1.evaluate(BlockJUnit4ClassRunner.java:100)
        at org.junit.runners.ParentRunner.runLeaf(ParentRunner.java:366)
        at org.junit.runners.BlockJUnit4ClassRunner.runChild(BlockJUnit4ClassRunner.java:103)
        at org.junit.runners.BlockJUnit4ClassRunner.runChild(BlockJUnit4ClassRunner.java:63)
        at org.junit.runners.ParentRunner$4.run(ParentRunner.java:331)
        at org.junit.runners.ParentRunner$1.schedule(ParentRunner.java:79)
        at org.junit.runners.ParentRunner.runChildren(ParentRunner.java:329)
        at org.junit.runners.ParentRunner.access$100(ParentRunner.java:66)
        at org.junit.runners.ParentRunner$2.evaluate(ParentRunner.java:293)
        at org.junit.runners.ParentRunner$3.evaluate(ParentRunner.java:306)
        at org.junit.runners.ParentRunner.run(ParentRunner.java:413)
        at org.junit.runners.Suite.runChild(Suite.java:128)
        at org.junit.runners.Suite.runChild(Suite.java:27)
        at org.junit.runners.ParentRunner$4.run(ParentRunner.java:331)
        at org.junit.runners.ParentRunner$1.schedule(ParentRunner.java:79)
        at org.junit.runners.ParentRunner.runChildren(ParentRunner.java:329)
        at org.junit.runners.ParentRunner.access$100(ParentRunner.java:66)
        at org.junit.runners.ParentRunner$2.evaluate(ParentRunner.java:293)
        at org.junit.runners.ParentRunner$3.evaluate(ParentRunner.java:306)
        at org.junit.runners.ParentRunner.run(ParentRunner.java:413)
        at org.junit.runner.JUnitCore.run(JUnitCore.java:137)
        at org.junit.runner.JUnitCore.run(JUnitCore.java:115)
        at org.junit.runner.JUnitCore.runMain(JUnitCore.java:77)
        at org.junit.runner.JUnitCore.main(JUnitCore.java:36)

FAILURES!!!
Tests run: 15,  Failures: 5

(base) huojunyu@macbookair ensf380-week4 % 